<?xml version="1.0" encoding="UTF-8"?>
<!-- Generated by org.testng.reporters.JUnitReportReporter -->
<testsuite hostname="HYDHTC219162L" failures="0" tests="1" name="testpack.NewTest" time="24.621" errors="0" timestamp="2020-10-15T14:48:58 IST" skipped="0">
  <testcase classname="testpack.NewTest" name="method1" time="24.621"/>
  <system-out/>
</testsuite> <!-- testpack.NewTest -->
